<?xml version="1.0" encoding="UTF-8"?>
<testsuite name="com.example.fabrikam.TodoDemo.TodoDemoApplicationTests" time="0" tests="1" errors="0" skipped="1" failures="0">
  <properties>
    <property name="java.runtime.name" value="OpenJDK Runtime Environment"/>
    <property name="sun.boot.library.path" value="/usr/lib/jvm/java-8-openjdk-amd64/jre/lib/amd64"/>
    <property name="java.vm.version" value="25.171-b11"/>
    <property name="java.vm.vendor" value="Oracle Corporation"/>
    <property name="java.vendor.url" value="http://java.oracle.com/"/>
    <property name="path.separator" value=":"/>
    <property name="guice.disable.misplaced.annotation.check" value="true"/>
    <property name="java.vm.name" value="OpenJDK 64-Bit Server VM"/>
    <property name="file.encoding.pkg" value="sun.io"/>
    <property name="user.country" value="US"/>
    <property name="sun.java.launcher" value="SUN_STANDARD"/>
    <property name="sun.os.patch.level" value="unknown"/>
    <property name="java.vm.specification.name" value="Java Virtual Machine Specification"/>
    <property name="user.dir" value="/home/ds_user/dev/dse-todo"/>
    <property name="java.runtime.version" value="1.8.0_171-8u171-b11-2~14.04-b11"/>
    <property name="java.awt.graphicsenv" value="sun.awt.X11GraphicsEnvironment"/>
    <property name="java.endorsed.dirs" value="/usr/lib/jvm/java-8-openjdk-amd64/jre/lib/endorsed"/>
    <property name="os.arch" value="amd64"/>
    <property name="java.io.tmpdir" value="/tmp"/>
    <property name="line.separator" value="&#10;"/>
    <property name="java.vm.specification.vendor" value="Oracle Corporation"/>
    <property name="os.name" value="Linux"/>
    <property name="classworlds.conf" value="/usr/share/maven/bin/m2.conf"/>
    <property name="sun.jnu.encoding" value="UTF-8"/>
    <property name="java.library.path" value="/usr/java/packages/lib/amd64:/usr/lib/x86_64-linux-gnu/jni:/lib/x86_64-linux-gnu:/usr/lib/x86_64-linux-gnu:/usr/lib/jni:/lib:/usr/lib"/>
    <property name="java.specification.name" value="Java Platform API Specification"/>
    <property name="java.class.version" value="52.0"/>
    <property name="sun.management.compiler" value="HotSpot 64-Bit Tiered Compilers"/>
    <property name="os.version" value="3.13.0-46-generic"/>
    <property name="user.home" value="/home/ds_user"/>
    <property name="user.timezone" value="Etc/UTC"/>
    <property name="java.awt.printerjob" value="sun.print.PSPrinterJob"/>
    <property name="file.encoding" value="UTF-8"/>
    <property name="java.specification.version" value="1.8"/>
    <property name="user.name" value="ds_user"/>
    <property name="java.class.path" value="/usr/share/maven/boot/plexus-classworlds-2.x.jar"/>
    <property name="java.vm.specification.version" value="1.8"/>
    <property name="sun.arch.data.model" value="64"/>
    <property name="java.home" value="/usr/lib/jvm/java-8-openjdk-amd64/jre"/>
    <property name="sun.java.command" value="org.codehaus.plexus.classworlds.launcher.Launcher clean package"/>
    <property name="java.specification.vendor" value="Oracle Corporation"/>
    <property name="user.language" value="en"/>
    <property name="awt.toolkit" value="sun.awt.X11.XToolkit"/>
    <property name="java.vm.info" value="mixed mode"/>
    <property name="java.version" value="1.8.0_171"/>
    <property name="java.ext.dirs" value="/usr/lib/jvm/java-8-openjdk-amd64/jre/lib/ext:/usr/java/packages/lib/ext"/>
    <property name="securerandom.source" value="file:/dev/./urandom"/>
    <property name="sun.boot.class.path" value="/usr/lib/jvm/java-8-openjdk-amd64/jre/lib/resources.jar:/usr/lib/jvm/java-8-openjdk-amd64/jre/lib/rt.jar:/usr/lib/jvm/java-8-openjdk-amd64/jre/lib/sunrsasign.jar:/usr/lib/jvm/java-8-openjdk-amd64/jre/lib/jsse.jar:/usr/lib/jvm/java-8-openjdk-amd64/jre/lib/jce.jar:/usr/lib/jvm/java-8-openjdk-amd64/jre/lib/charsets.jar:/usr/lib/jvm/java-8-openjdk-amd64/jre/lib/jfr.jar:/usr/lib/jvm/java-8-openjdk-amd64/jre/classes"/>
    <property name="java.vendor" value="Oracle Corporation"/>
    <property name="maven.home" value="/usr/share/maven"/>
    <property name="file.separator" value="/"/>
    <property name="java.vendor.url.bug" value="http://bugreport.sun.com/bugreport/"/>
    <property name="sun.cpu.endian" value="little"/>
    <property name="sun.io.unicode.encoding" value="UnicodeLittle"/>
    <property name="sun.cpu.isalist" value=""/>
  </properties>
  <testcase name="contextLoads" classname="com.example.fabrikam.TodoDemo.TodoDemoApplicationTests" time="0">
    <skipped/>
    <system-out><![CDATA[18:19:21.327 [main] DEBUG org.springframework.test.context.junit4.SpringJUnit4ClassRunner - SpringJUnit4ClassRunner constructor called with [class com.example.fabrikam.TodoDemo.TodoDemoApplicationTests]
18:19:21.334 [main] DEBUG org.springframework.test.context.BootstrapUtils - Instantiating CacheAwareContextLoaderDelegate from class [org.springframework.test.context.cache.DefaultCacheAwareContextLoaderDelegate]
18:19:21.349 [main] DEBUG org.springframework.test.context.BootstrapUtils - Instantiating BootstrapContext using constructor [public org.springframework.test.context.support.DefaultBootstrapContext(java.lang.Class,org.springframework.test.context.CacheAwareContextLoaderDelegate)]
18:19:21.381 [main] DEBUG org.springframework.test.context.BootstrapUtils - Instantiating TestContextBootstrapper for test class [com.example.fabrikam.TodoDemo.TodoDemoApplicationTests] from class [org.springframework.boot.test.context.SpringBootTestContextBootstrapper]
18:19:21.402 [main] INFO org.springframework.boot.test.context.SpringBootTestContextBootstrapper - Neither @ContextConfiguration nor @ContextHierarchy found for test class [com.example.fabrikam.TodoDemo.TodoDemoApplicationTests], using SpringBootContextLoader
18:19:21.407 [main] DEBUG org.springframework.test.context.support.AbstractContextLoader - Did not detect default resource location for test class [com.example.fabrikam.TodoDemo.TodoDemoApplicationTests]: class path resource [com/example/fabrikam/TodoDemo/TodoDemoApplicationTests-context.xml] does not exist
18:19:21.408 [main] DEBUG org.springframework.test.context.support.AbstractContextLoader - Did not detect default resource location for test class [com.example.fabrikam.TodoDemo.TodoDemoApplicationTests]: class path resource [com/example/fabrikam/TodoDemo/TodoDemoApplicationTestsContext.groovy] does not exist
18:19:21.408 [main] INFO org.springframework.test.context.support.AbstractContextLoader - Could not detect default resource locations for test class [com.example.fabrikam.TodoDemo.TodoDemoApplicationTests]: no resource found for suffixes {-context.xml, Context.groovy}.
18:19:21.409 [main] INFO org.springframework.test.context.support.AnnotationConfigContextLoaderUtils - Could not detect default configuration classes for test class [com.example.fabrikam.TodoDemo.TodoDemoApplicationTests]: TodoDemoApplicationTests does not declare any static, non-private, non-final, nested classes annotated with @Configuration.
18:19:21.472 [main] DEBUG org.springframework.test.context.support.ActiveProfilesUtils - Could not find an 'annotation declaring class' for annotation type [org.springframework.test.context.ActiveProfiles] and class [com.example.fabrikam.TodoDemo.TodoDemoApplicationTests]
18:19:21.583 [main] DEBUG org.springframework.context.annotation.ClassPathScanningCandidateComponentProvider - Identified candidate component class: file [/home/ds_user/dev/dse-todo/target/classes/com/example/fabrikam/TodoDemo/TodoDemoApplication.class]
18:19:21.597 [main] INFO org.springframework.boot.test.context.SpringBootTestContextBootstrapper - Found @SpringBootConfiguration com.example.fabrikam.TodoDemo.TodoDemoApplication for test class com.example.fabrikam.TodoDemo.TodoDemoApplicationTests
18:19:21.603 [main] DEBUG org.springframework.boot.test.context.SpringBootTestContextBootstrapper - @TestExecutionListeners is not present for class [com.example.fabrikam.TodoDemo.TodoDemoApplicationTests]: using defaults.
18:19:21.603 [main] INFO org.springframework.boot.test.context.SpringBootTestContextBootstrapper - Loaded default TestExecutionListener class names from location [META-INF/spring.factories]: [org.springframework.boot.test.mock.mockito.MockitoTestExecutionListener, org.springframework.boot.test.mock.mockito.ResetMocksTestExecutionListener, org.springframework.boot.test.autoconfigure.restdocs.RestDocsTestExecutionListener, org.springframework.boot.test.autoconfigure.web.client.MockRestServiceServerResetTestExecutionListener, org.springframework.boot.test.autoconfigure.web.servlet.MockMvcPrintOnlyOnFailureTestExecutionListener, org.springframework.boot.test.autoconfigure.web.servlet.WebDriverTestExecutionListener, org.springframework.test.context.web.ServletTestExecutionListener, org.springframework.test.context.support.DirtiesContextBeforeModesTestExecutionListener, org.springframework.test.context.support.DependencyInjectionTestExecutionListener, org.springframework.test.context.support.DirtiesContextTestExecutionListener, org.springframework.test.context.transaction.TransactionalTestExecutionListener, org.springframework.test.context.jdbc.SqlScriptsTestExecutionListener]
18:19:21.625 [main] INFO org.springframework.boot.test.context.SpringBootTestContextBootstrapper - Using TestExecutionListeners: [org.springframework.test.context.web.ServletTestExecutionListener@6295d394, org.springframework.test.context.support.DirtiesContextBeforeModesTestExecutionListener@475e586c, org.springframework.boot.test.autoconfigure.SpringBootDependencyInjectionTestExecutionListener@657c8ad9, org.springframework.test.context.support.DirtiesContextTestExecutionListener@436a4e4b, org.springframework.test.context.transaction.TransactionalTestExecutionListener@f2f2cc1, org.springframework.test.context.jdbc.SqlScriptsTestExecutionListener@3a079870, org.springframework.boot.test.mock.mockito.MockitoTestExecutionListener@3b2cf7ab, org.springframework.boot.test.mock.mockito.ResetMocksTestExecutionListener@2aa5fe93, org.springframework.boot.test.autoconfigure.restdocs.RestDocsTestExecutionListener@5c1a8622, org.springframework.boot.test.autoconfigure.web.client.MockRestServiceServerResetTestExecutionListener@5ad851c9, org.springframework.boot.test.autoconfigure.web.servlet.MockMvcPrintOnlyOnFailureTestExecutionListener@6156496, org.springframework.boot.test.autoconfigure.web.servlet.WebDriverTestExecutionListener@3c153a1]
18:19:21.628 [main] DEBUG org.springframework.test.annotation.ProfileValueUtils - Retrieved @ProfileValueSourceConfiguration [null] for test class [com.example.fabrikam.TodoDemo.TodoDemoApplicationTests]
18:19:21.628 [main] DEBUG org.springframework.test.annotation.ProfileValueUtils - Retrieved ProfileValueSource type [class org.springframework.test.annotation.SystemProfileValueSource] for class [com.example.fabrikam.TodoDemo.TodoDemoApplicationTests]
18:19:21.631 [main] DEBUG org.springframework.test.context.junit4.SpringJUnit4ClassRunner - SpringJUnit4ClassRunner constructor called with [class com.example.fabrikam.TodoDemo.TodoDemoApplicationTests]
18:19:21.631 [main] DEBUG org.springframework.test.context.BootstrapUtils - Instantiating CacheAwareContextLoaderDelegate from class [org.springframework.test.context.cache.DefaultCacheAwareContextLoaderDelegate]
18:19:21.631 [main] DEBUG org.springframework.test.context.BootstrapUtils - Instantiating BootstrapContext using constructor [public org.springframework.test.context.support.DefaultBootstrapContext(java.lang.Class,org.springframework.test.context.CacheAwareContextLoaderDelegate)]
18:19:21.632 [main] DEBUG org.springframework.test.context.BootstrapUtils - Instantiating TestContextBootstrapper for test class [com.example.fabrikam.TodoDemo.TodoDemoApplicationTests] from class [org.springframework.boot.test.context.SpringBootTestContextBootstrapper]
18:19:21.632 [main] INFO org.springframework.boot.test.context.SpringBootTestContextBootstrapper - Neither @ContextConfiguration nor @ContextHierarchy found for test class [com.example.fabrikam.TodoDemo.TodoDemoApplicationTests], using SpringBootContextLoader
18:19:21.633 [main] DEBUG org.springframework.test.context.support.AbstractContextLoader - Did not detect default resource location for test class [com.example.fabrikam.TodoDemo.TodoDemoApplicationTests]: class path resource [com/example/fabrikam/TodoDemo/TodoDemoApplicationTests-context.xml] does not exist
18:19:21.633 [main] DEBUG org.springframework.test.context.support.AbstractContextLoader - Did not detect default resource location for test class [com.example.fabrikam.TodoDemo.TodoDemoApplicationTests]: class path resource [com/example/fabrikam/TodoDemo/TodoDemoApplicationTestsContext.groovy] does not exist
18:19:21.633 [main] INFO org.springframework.test.context.support.AbstractContextLoader - Could not detect default resource locations for test class [com.example.fabrikam.TodoDemo.TodoDemoApplicationTests]: no resource found for suffixes {-context.xml, Context.groovy}.
18:19:21.634 [main] INFO org.springframework.test.context.support.AnnotationConfigContextLoaderUtils - Could not detect default configuration classes for test class [com.example.fabrikam.TodoDemo.TodoDemoApplicationTests]: TodoDemoApplicationTests does not declare any static, non-private, non-final, nested classes annotated with @Configuration.
18:19:21.635 [main] DEBUG org.springframework.test.context.support.ActiveProfilesUtils - Could not find an 'annotation declaring class' for annotation type [org.springframework.test.context.ActiveProfiles] and class [com.example.fabrikam.TodoDemo.TodoDemoApplicationTests]
18:19:21.636 [main] INFO org.springframework.boot.test.context.SpringBootTestContextBootstrapper - Found @SpringBootConfiguration com.example.fabrikam.TodoDemo.TodoDemoApplication for test class com.example.fabrikam.TodoDemo.TodoDemoApplicationTests
18:19:21.637 [main] DEBUG org.springframework.boot.test.context.SpringBootTestContextBootstrapper - @TestExecutionListeners is not present for class [com.example.fabrikam.TodoDemo.TodoDemoApplicationTests]: using defaults.
18:19:21.637 [main] INFO org.springframework.boot.test.context.SpringBootTestContextBootstrapper - Loaded default TestExecutionListener class names from location [META-INF/spring.factories]: [org.springframework.boot.test.mock.mockito.MockitoTestExecutionListener, org.springframework.boot.test.mock.mockito.ResetMocksTestExecutionListener, org.springframework.boot.test.autoconfigure.restdocs.RestDocsTestExecutionListener, org.springframework.boot.test.autoconfigure.web.client.MockRestServiceServerResetTestExecutionListener, org.springframework.boot.test.autoconfigure.web.servlet.MockMvcPrintOnlyOnFailureTestExecutionListener, org.springframework.boot.test.autoconfigure.web.servlet.WebDriverTestExecutionListener, org.springframework.test.context.web.ServletTestExecutionListener, org.springframework.test.context.support.DirtiesContextBeforeModesTestExecutionListener, org.springframework.test.context.support.DependencyInjectionTestExecutionListener, org.springframework.test.context.support.DirtiesContextTestExecutionListener, org.springframework.test.context.transaction.TransactionalTestExecutionListener, org.springframework.test.context.jdbc.SqlScriptsTestExecutionListener]
18:19:21.638 [main] INFO org.springframework.boot.test.context.SpringBootTestContextBootstrapper - Using TestExecutionListeners: [org.springframework.test.context.web.ServletTestExecutionListener@a4102b8, org.springframework.test.context.support.DirtiesContextBeforeModesTestExecutionListener@11dc3715, org.springframework.boot.test.autoconfigure.SpringBootDependencyInjectionTestExecutionListener@69930714, org.springframework.test.context.support.DirtiesContextTestExecutionListener@7a52f2a2, org.springframework.test.context.transaction.TransactionalTestExecutionListener@78047b92, org.springframework.test.context.jdbc.SqlScriptsTestExecutionListener@8909f18, org.springframework.boot.test.mock.mockito.MockitoTestExecutionListener@79ca92b9, org.springframework.boot.test.mock.mockito.ResetMocksTestExecutionListener@1460a8c0, org.springframework.boot.test.autoconfigure.restdocs.RestDocsTestExecutionListener@4f638935, org.springframework.boot.test.autoconfigure.web.client.MockRestServiceServerResetTestExecutionListener@4387b79e, org.springframework.boot.test.autoconfigure.web.servlet.MockMvcPrintOnlyOnFailureTestExecutionListener@6e75aa0d, org.springframework.boot.test.autoconfigure.web.servlet.WebDriverTestExecutionListener@7fc229ab]
18:19:21.638 [main] DEBUG org.springframework.test.annotation.ProfileValueUtils - Retrieved @ProfileValueSourceConfiguration [null] for test class [com.example.fabrikam.TodoDemo.TodoDemoApplicationTests]
18:19:21.638 [main] DEBUG org.springframework.test.annotation.ProfileValueUtils - Retrieved ProfileValueSource type [class org.springframework.test.annotation.SystemProfileValueSource] for class [com.example.fabrikam.TodoDemo.TodoDemoApplicationTests]
18:19:21.639 [main] DEBUG org.springframework.test.annotation.ProfileValueUtils - Retrieved @ProfileValueSourceConfiguration [null] for test class [com.example.fabrikam.TodoDemo.TodoDemoApplicationTests]
18:19:21.639 [main] DEBUG org.springframework.test.annotation.ProfileValueUtils - Retrieved ProfileValueSource type [class org.springframework.test.annotation.SystemProfileValueSource] for class [com.example.fabrikam.TodoDemo.TodoDemoApplicationTests]
]]></system-out>
  </testcase>
</testsuite>